<?xml version="1.0" encoding="UTF-8"?>
<testsuite xmlns:xsi="http://www.w3.org/2001/XMLSchema-instance" xsi:noNamespaceSchemaLocation="https://maven.apache.org/surefire/maven-surefire-plugin/xsd/surefire-test-report-3.0.xsd" version="3.0" name="com.example.AppTest" time="0.134" tests="1" errors="0" skipped="0" failures="0">
  <properties>
    <property name="sun.desktop" value="windows"/>
    <property name="awt.toolkit" value="sun.awt.windows.WToolkit"/>
    <property name="file.encoding.pkg" value="sun.io"/>
    <property name="java.specification.version" value="1.8"/>
    <property name="sun.cpu.isalist" value="amd64"/>
    <property name="sun.jnu.encoding" value="Cp1252"/>
    <property name="java.class.path" value="C:\Users\abdou\Downloads\RestExempleSimple-main\RestExempleSimple-main\target\test-classes;C:\Users\abdou\Downloads\RestExempleSimple-main\RestExempleSimple-main\target\classes;C:\Users\abdou\.m2\repository\org\glassfish\jersey\containers\jersey-container-grizzly2-http\2.35\jersey-container-grizzly2-http-2.35.jar;C:\Users\abdou\.m2\repository\org\glassfish\hk2\external\jakarta.inject\2.6.1\jakarta.inject-2.6.1.jar;C:\Users\abdou\.m2\repository\org\glassfish\grizzly\grizzly-http-server\2.4.4\grizzly-http-server-2.4.4.jar;C:\Users\abdou\.m2\repository\org\glassfish\grizzly\grizzly-http\2.4.4\grizzly-http-2.4.4.jar;C:\Users\abdou\.m2\repository\org\glassfish\grizzly\grizzly-framework\2.4.4\grizzly-framework-2.4.4.jar;C:\Users\abdou\.m2\repository\org\glassfish\jersey\core\jersey-common\2.35\jersey-common-2.35.jar;C:\Users\abdou\.m2\repository\org\glassfish\hk2\osgi-resource-locator\1.0.3\osgi-resource-locator-1.0.3.jar;C:\Users\abdou\.m2\repository\jakarta\ws\rs\jakarta.ws.rs-api\2.1.6\jakarta.ws.rs-api-2.1.6.jar;C:\Users\abdou\.m2\repository\org\glassfish\jersey\core\jersey-server\2.35\jersey-server-2.35.jar;C:\Users\abdou\.m2\repository\org\glassfish\jersey\core\jersey-client\2.35\jersey-client-2.35.jar;C:\Users\abdou\.m2\repository\jakarta\annotation\jakarta.annotation-api\1.3.5\jakarta.annotation-api-1.3.5.jar;C:\Users\abdou\.m2\repository\jakarta\validation\jakarta.validation-api\2.0.2\jakarta.validation-api-2.0.2.jar;C:\Users\abdou\.m2\repository\org\glassfish\jersey\inject\jersey-hk2\2.35\jersey-hk2-2.35.jar;C:\Users\abdou\.m2\repository\org\glassfish\hk2\hk2-locator\2.6.1\hk2-locator-2.6.1.jar;C:\Users\abdou\.m2\repository\org\glassfish\hk2\external\aopalliance-repackaged\2.6.1\aopalliance-repackaged-2.6.1.jar;C:\Users\abdou\.m2\repository\org\glassfish\hk2\hk2-api\2.6.1\hk2-api-2.6.1.jar;C:\Users\abdou\.m2\repository\org\glassfish\hk2\hk2-utils\2.6.1\hk2-utils-2.6.1.jar;C:\Users\abdou\.m2\repository\org\javassist\javassist\3.25.0-GA\javassist-3.25.0-GA.jar;C:\Users\abdou\.m2\repository\junit\junit\4.13.2\junit-4.13.2.jar;C:\Users\abdou\.m2\repository\org\hamcrest\hamcrest-core\1.3\hamcrest-core-1.3.jar;C:\Users\abdou\.m2\repository\com\fasterxml\jackson\core\jackson-databind\2.13.0\jackson-databind-2.13.0.jar;C:\Users\abdou\.m2\repository\com\fasterxml\jackson\core\jackson-annotations\2.13.0\jackson-annotations-2.13.0.jar;C:\Users\abdou\.m2\repository\com\fasterxml\jackson\core\jackson-core\2.13.0\jackson-core-2.13.0.jar;C:\Users\abdou\.m2\repository\org\glassfish\jersey\media\jersey-media-json-jackson\2.35\jersey-media-json-jackson-2.35.jar;C:\Users\abdou\.m2\repository\org\glassfish\jersey\ext\jersey-entity-filtering\2.35\jersey-entity-filtering-2.35.jar;C:\Users\abdou\.m2\repository\com\fasterxml\jackson\module\jackson-module-jaxb-annotations\2.12.2\jackson-module-jaxb-annotations-2.12.2.jar;C:\Users\abdou\.m2\repository\jakarta\xml\bind\jakarta.xml.bind-api\2.3.2\jakarta.xml.bind-api-2.3.2.jar;C:\Users\abdou\.m2\repository\jakarta\activation\jakarta.activation-api\1.2.1\jakarta.activation-api-1.2.1.jar;C:\Users\abdou\.m2\repository\org\glassfish\jersey\media\jersey-media-moxy\2.35\jersey-media-moxy-2.35.jar;C:\Users\abdou\.m2\repository\jakarta\json\jakarta.json-api\1.1.6\jakarta.json-api-1.1.6.jar;C:\Users\abdou\.m2\repository\org\glassfish\jakarta.json\1.1.6\jakarta.json-1.1.6.jar;C:\Users\abdou\.m2\repository\org\eclipse\persistence\org.eclipse.persistence.moxy\2.7.9\org.eclipse.persistence.moxy-2.7.9.jar;C:\Users\abdou\.m2\repository\org\eclipse\persistence\org.eclipse.persistence.core\2.7.9\org.eclipse.persistence.core-2.7.9.jar;C:\Users\abdou\.m2\repository\org\eclipse\persistence\org.eclipse.persistence.asm\9.1.0\org.eclipse.persistence.asm-9.1.0.jar;C:\Users\abdou\.m2\repository\javax\xml\bind\jaxb-api\2.4.0-b180830.0359\jaxb-api-2.4.0-b180830.0359.jar;C:\Users\abdou\.m2\repository\javax\activation\javax.activation-api\1.2.0\javax.activation-api-1.2.0.jar;C:\Users\abdou\.m2\repository\org\hibernate\hibernate-core\5.4.2.Final\hibernate-core-5.4.2.Final.jar;C:\Users\abdou\.m2\repository\org\jboss\logging\jboss-logging\3.3.2.Final\jboss-logging-3.3.2.Final.jar;C:\Users\abdou\.m2\repository\javax\persistence\javax.persistence-api\2.2\javax.persistence-api-2.2.jar;C:\Users\abdou\.m2\repository\net\bytebuddy\byte-buddy\1.9.10\byte-buddy-1.9.10.jar;C:\Users\abdou\.m2\repository\antlr\antlr\2.7.7\antlr-2.7.7.jar;C:\Users\abdou\.m2\repository\org\jboss\spec\javax\transaction\jboss-transaction-api_1.2_spec\1.1.1.Final\jboss-transaction-api_1.2_spec-1.1.1.Final.jar;C:\Users\abdou\.m2\repository\org\jboss\jandex\2.0.5.Final\jandex-2.0.5.Final.jar;C:\Users\abdou\.m2\repository\com\fasterxml\classmate\1.3.4\classmate-1.3.4.jar;C:\Users\abdou\.m2\repository\org\dom4j\dom4j\2.1.1\dom4j-2.1.1.jar;C:\Users\abdou\.m2\repository\org\hibernate\common\hibernate-commons-annotations\5.1.0.Final\hibernate-commons-annotations-5.1.0.Final.jar;C:\Users\abdou\.m2\repository\org\glassfish\jaxb\jaxb-runtime\2.3.1\jaxb-runtime-2.3.1.jar;C:\Users\abdou\.m2\repository\org\glassfish\jaxb\txw2\2.3.1\txw2-2.3.1.jar;C:\Users\abdou\.m2\repository\com\sun\istack\istack-commons-runtime\3.0.7\istack-commons-runtime-3.0.7.jar;C:\Users\abdou\.m2\repository\org\jvnet\staxex\stax-ex\1.8\stax-ex-1.8.jar;C:\Users\abdou\.m2\repository\com\sun\xml\fastinfoset\FastInfoset\1.2.15\FastInfoset-1.2.15.jar;C:\Users\abdou\.m2\repository\mysql\mysql-connector-java\5.1.48\mysql-connector-java-5.1.48.jar;"/>
    <property name="java.vm.vendor" value="Oracle Corporation"/>
    <property name="sun.arch.data.model" value="64"/>
    <property name="user.variant" value=""/>
    <property name="java.vendor.url" value="http://java.oracle.com/"/>
    <property name="user.timezone" value="Europe/Paris"/>
    <property name="java.vm.specification.version" value="1.8"/>
    <property name="os.name" value="Windows 10"/>
    <property name="sun.java.launcher" value="SUN_STANDARD"/>
    <property name="user.country" value="FR"/>
    <property name="sun.boot.library.path" value="C:\Program Files\Java\jdk1.8.0_202\jre\bin"/>
    <property name="sun.java.command" value="C:\Users\abdou\AppData\Local\Temp\surefire5418946904496237485\surefirebooter-20240216212620431_3.jar C:\Users\abdou\AppData\Local\Temp\surefire5418946904496237485 2024-02-16T21-26-19_939-jvmRun1 surefire-20240216212620431_1tmp surefire_0-20240216212620431_2tmp"/>
    <property name="surefire.test.class.path" value="C:\Users\abdou\Downloads\RestExempleSimple-main\RestExempleSimple-main\target\test-classes;C:\Users\abdou\Downloads\RestExempleSimple-main\RestExempleSimple-main\target\classes;C:\Users\abdou\.m2\repository\org\glassfish\jersey\containers\jersey-container-grizzly2-http\2.35\jersey-container-grizzly2-http-2.35.jar;C:\Users\abdou\.m2\repository\org\glassfish\hk2\external\jakarta.inject\2.6.1\jakarta.inject-2.6.1.jar;C:\Users\abdou\.m2\repository\org\glassfish\grizzly\grizzly-http-server\2.4.4\grizzly-http-server-2.4.4.jar;C:\Users\abdou\.m2\repository\org\glassfish\grizzly\grizzly-http\2.4.4\grizzly-http-2.4.4.jar;C:\Users\abdou\.m2\repository\org\glassfish\grizzly\grizzly-framework\2.4.4\grizzly-framework-2.4.4.jar;C:\Users\abdou\.m2\repository\org\glassfish\jersey\core\jersey-common\2.35\jersey-common-2.35.jar;C:\Users\abdou\.m2\repository\org\glassfish\hk2\osgi-resource-locator\1.0.3\osgi-resource-locator-1.0.3.jar;C:\Users\abdou\.m2\repository\jakarta\ws\rs\jakarta.ws.rs-api\2.1.6\jakarta.ws.rs-api-2.1.6.jar;C:\Users\abdou\.m2\repository\org\glassfish\jersey\core\jersey-server\2.35\jersey-server-2.35.jar;C:\Users\abdou\.m2\repository\org\glassfish\jersey\core\jersey-client\2.35\jersey-client-2.35.jar;C:\Users\abdou\.m2\repository\jakarta\annotation\jakarta.annotation-api\1.3.5\jakarta.annotation-api-1.3.5.jar;C:\Users\abdou\.m2\repository\jakarta\validation\jakarta.validation-api\2.0.2\jakarta.validation-api-2.0.2.jar;C:\Users\abdou\.m2\repository\org\glassfish\jersey\inject\jersey-hk2\2.35\jersey-hk2-2.35.jar;C:\Users\abdou\.m2\repository\org\glassfish\hk2\hk2-locator\2.6.1\hk2-locator-2.6.1.jar;C:\Users\abdou\.m2\repository\org\glassfish\hk2\external\aopalliance-repackaged\2.6.1\aopalliance-repackaged-2.6.1.jar;C:\Users\abdou\.m2\repository\org\glassfish\hk2\hk2-api\2.6.1\hk2-api-2.6.1.jar;C:\Users\abdou\.m2\repository\org\glassfish\hk2\hk2-utils\2.6.1\hk2-utils-2.6.1.jar;C:\Users\abdou\.m2\repository\org\javassist\javassist\3.25.0-GA\javassist-3.25.0-GA.jar;C:\Users\abdou\.m2\repository\junit\junit\4.13.2\junit-4.13.2.jar;C:\Users\abdou\.m2\repository\org\hamcrest\hamcrest-core\1.3\hamcrest-core-1.3.jar;C:\Users\abdou\.m2\repository\com\fasterxml\jackson\core\jackson-databind\2.13.0\jackson-databind-2.13.0.jar;C:\Users\abdou\.m2\repository\com\fasterxml\jackson\core\jackson-annotations\2.13.0\jackson-annotations-2.13.0.jar;C:\Users\abdou\.m2\repository\com\fasterxml\jackson\core\jackson-core\2.13.0\jackson-core-2.13.0.jar;C:\Users\abdou\.m2\repository\org\glassfish\jersey\media\jersey-media-json-jackson\2.35\jersey-media-json-jackson-2.35.jar;C:\Users\abdou\.m2\repository\org\glassfish\jersey\ext\jersey-entity-filtering\2.35\jersey-entity-filtering-2.35.jar;C:\Users\abdou\.m2\repository\com\fasterxml\jackson\module\jackson-module-jaxb-annotations\2.12.2\jackson-module-jaxb-annotations-2.12.2.jar;C:\Users\abdou\.m2\repository\jakarta\xml\bind\jakarta.xml.bind-api\2.3.2\jakarta.xml.bind-api-2.3.2.jar;C:\Users\abdou\.m2\repository\jakarta\activation\jakarta.activation-api\1.2.1\jakarta.activation-api-1.2.1.jar;C:\Users\abdou\.m2\repository\org\glassfish\jersey\media\jersey-media-moxy\2.35\jersey-media-moxy-2.35.jar;C:\Users\abdou\.m2\repository\jakarta\json\jakarta.json-api\1.1.6\jakarta.json-api-1.1.6.jar;C:\Users\abdou\.m2\repository\org\glassfish\jakarta.json\1.1.6\jakarta.json-1.1.6.jar;C:\Users\abdou\.m2\repository\org\eclipse\persistence\org.eclipse.persistence.moxy\2.7.9\org.eclipse.persistence.moxy-2.7.9.jar;C:\Users\abdou\.m2\repository\org\eclipse\persistence\org.eclipse.persistence.core\2.7.9\org.eclipse.persistence.core-2.7.9.jar;C:\Users\abdou\.m2\repository\org\eclipse\persistence\org.eclipse.persistence.asm\9.1.0\org.eclipse.persistence.asm-9.1.0.jar;C:\Users\abdou\.m2\repository\javax\xml\bind\jaxb-api\2.4.0-b180830.0359\jaxb-api-2.4.0-b180830.0359.jar;C:\Users\abdou\.m2\repository\javax\activation\javax.activation-api\1.2.0\javax.activation-api-1.2.0.jar;C:\Users\abdou\.m2\repository\org\hibernate\hibernate-core\5.4.2.Final\hibernate-core-5.4.2.Final.jar;C:\Users\abdou\.m2\repository\org\jboss\logging\jboss-logging\3.3.2.Final\jboss-logging-3.3.2.Final.jar;C:\Users\abdou\.m2\repository\javax\persistence\javax.persistence-api\2.2\javax.persistence-api-2.2.jar;C:\Users\abdou\.m2\repository\net\bytebuddy\byte-buddy\1.9.10\byte-buddy-1.9.10.jar;C:\Users\abdou\.m2\repository\antlr\antlr\2.7.7\antlr-2.7.7.jar;C:\Users\abdou\.m2\repository\org\jboss\spec\javax\transaction\jboss-transaction-api_1.2_spec\1.1.1.Final\jboss-transaction-api_1.2_spec-1.1.1.Final.jar;C:\Users\abdou\.m2\repository\org\jboss\jandex\2.0.5.Final\jandex-2.0.5.Final.jar;C:\Users\abdou\.m2\repository\com\fasterxml\classmate\1.3.4\classmate-1.3.4.jar;C:\Users\abdou\.m2\repository\org\dom4j\dom4j\2.1.1\dom4j-2.1.1.jar;C:\Users\abdou\.m2\repository\org\hibernate\common\hibernate-commons-annotations\5.1.0.Final\hibernate-commons-annotations-5.1.0.Final.jar;C:\Users\abdou\.m2\repository\org\glassfish\jaxb\jaxb-runtime\2.3.1\jaxb-runtime-2.3.1.jar;C:\Users\abdou\.m2\repository\org\glassfish\jaxb\txw2\2.3.1\txw2-2.3.1.jar;C:\Users\abdou\.m2\repository\com\sun\istack\istack-commons-runtime\3.0.7\istack-commons-runtime-3.0.7.jar;C:\Users\abdou\.m2\repository\org\jvnet\staxex\stax-ex\1.8\stax-ex-1.8.jar;C:\Users\abdou\.m2\repository\com\sun\xml\fastinfoset\FastInfoset\1.2.15\FastInfoset-1.2.15.jar;C:\Users\abdou\.m2\repository\mysql\mysql-connector-java\5.1.48\mysql-connector-java-5.1.48.jar;"/>
    <property name="sun.cpu.endian" value="little"/>
    <property name="user.home" value="C:\Users\abdou"/>
    <property name="user.language" value="fr"/>
    <property name="java.specification.vendor" value="Oracle Corporation"/>
    <property name="java.home" value="C:\Program Files\Java\jdk1.8.0_202\jre"/>
    <property name="basedir" value="C:\Users\abdou\Downloads\RestExempleSimple-main\RestExempleSimple-main"/>
    <property name="file.separator" value="\"/>
    <property name="line.separator" value="&#10;"/>
    <property name="java.vm.specification.vendor" value="Oracle Corporation"/>
    <property name="java.specification.name" value="Java Platform API Specification"/>
    <property name="java.awt.graphicsenv" value="sun.awt.Win32GraphicsEnvironment"/>
    <property name="surefire.real.class.path" value="C:\Users\abdou\AppData\Local\Temp\surefire5418946904496237485\surefirebooter-20240216212620431_3.jar"/>
    <property name="sun.boot.class.path" value="C:\Program Files\Java\jdk1.8.0_202\jre\lib\resources.jar;C:\Program Files\Java\jdk1.8.0_202\jre\lib\rt.jar;C:\Program Files\Java\jdk1.8.0_202\jre\lib\sunrsasign.jar;C:\Program Files\Java\jdk1.8.0_202\jre\lib\jsse.jar;C:\Program Files\Java\jdk1.8.0_202\jre\lib\jce.jar;C:\Program Files\Java\jdk1.8.0_202\jre\lib\charsets.jar;C:\Program Files\Java\jdk1.8.0_202\jre\lib\jfr.jar;C:\Program Files\Java\jdk1.8.0_202\jre\classes"/>
    <property name="user.script" value=""/>
    <property name="sun.management.compiler" value="HotSpot 64-Bit Tiered Compilers"/>
    <property name="java.runtime.version" value="1.8.0_202-b08"/>
    <property name="user.name" value="abdou"/>
    <property name="path.separator" value=";"/>
    <property name="os.version" value="10.0"/>
    <property name="java.endorsed.dirs" value="C:\Program Files\Java\jdk1.8.0_202\jre\lib\endorsed"/>
    <property name="java.runtime.name" value="Java(TM) SE Runtime Environment"/>
    <property name="file.encoding" value="Cp1252"/>
    <property name="java.vm.name" value="Java HotSpot(TM) 64-Bit Server VM"/>
    <property name="maven.ext.class.path" value="C:\Program Files\NetBeans 8.2\java\maven-nblib\netbeans-eventspy.jar"/>
    <property name="localRepository" value="C:\Users\abdou\.m2\repository"/>
    <property name="java.vendor.url.bug" value="http://bugreport.sun.com/bugreport/"/>
    <property name="java.io.tmpdir" value="C:\Users\abdou\AppData\Local\Temp\"/>
    <property name="java.version" value="1.8.0_202"/>
    <property name="user.dir" value="C:\Users\abdou\Downloads\RestExempleSimple-main\RestExempleSimple-main"/>
    <property name="os.arch" value="amd64"/>
    <property name="java.vm.specification.name" value="Java Virtual Machine Specification"/>
    <property name="java.awt.printerjob" value="sun.awt.windows.WPrinterJob"/>
    <property name="sun.os.patch.level" value=""/>
    <property name="java.library.path" value="C:\Program Files\Java\jdk1.8.0_202\jre\bin;C:\WINDOWS\Sun\Java\bin;C:\WINDOWS\system32;C:\WINDOWS;C:\Python312\Scripts\;C:\Python312\;C:\Program Files\Common Files\Oracle\Java\javapath;C:\WINDOWS\system32;C:\WINDOWS;C:\WINDOWS\System32\Wbem;C:\WINDOWS\System32\WindowsPowerShell\v1.0\;C:\WINDOWS\System32\OpenSSH\;C:\Program Files\Java\jdk-11;C:\Program Files\Git\cmd;C:\Users\abdou\AppData\Roaming\Microsoft\Windows\Start Menu\Programs\Python 3.11;C:\Program Files\MongoDB\Server\6.0\bin;C:\Users\abdou\Downloads\mongosh-1.10.0-win32-x64\mongosh-1.10.0-win32-x64\bin;C:\ProgramData\chocolatey\bin;C:\msys64\mingw64\bin;C:\Users\abdou\Downloads\apache-maven-3.9.6-bin\apache-maven-3.9.6\bin;C:\Users\abdou\Downloads\apache-tomcat-9.0.84-windows-x64\apache-tomcat-9.0.84\bin;C:\Users\abdou\Downloads\apache-tomcat-8.5.97-windows-x64\apache-tomcat-8.5.97\bin;C:\dart\bin;C:\flutter_windows_3.16.8-stable\flutter\bin;C:\Program Files\Java\jdk1.8.0_202;C:\Program Files\nodejs\;C:\Program Files\MySQL\MySQL Shell 8.0\bin\;C:\Users\abdou\AppData\Local\Programs\Python\Launcher\;C:\Users\abdou\AppData\Local\Microsoft\WindowsApps;C:\Program Files\JetBrains\PyCharm Community Edition 2023.1.2\bin;;C:\Users\abdou\AppData\Local\Programs\Microsoft VS Code\bin;C:\Program Files\JetBrains\IntelliJ IDEA Community Edition 2023.3.2\bin;;C:\apache-maven-3.9.1-bin\apache-maven-3.9.1\bin;C:\Users\abdou\Downloads\apache-tomcat-8.5.97-windows-x64\apache-tomcat-8.5.97\bin;C:\dart\bin;C:\flutter_windows_3.16.8-stable\flutter\bin;C:\Program Files\Java\jdk1.8.0_202;C:\Users\abdou\AppData\Roaming\npm;."/>
    <property name="java.vm.info" value="mixed mode"/>
    <property name="java.vendor" value="Oracle Corporation"/>
    <property name="java.vm.version" value="25.202-b08"/>
    <property name="java.ext.dirs" value="C:\Program Files\Java\jdk1.8.0_202\jre\lib\ext;C:\WINDOWS\Sun\Java\lib\ext"/>
    <property name="sun.io.unicode.encoding" value="UnicodeLittle"/>
    <property name="java.class.version" value="52.0"/>
  </properties>
  <testcase name="shouldAnswerWithTrue" classname="com.example.AppTest" time="0.006"/>
</testsuite>